2017-11-08 04:51:31 认证方式  有线认证
2017-11-08 04:51:31 认证网卡  eth0
2017-11-08 04:51:31 用户名  201704704084
2017-11-08 04:51:31 寻找认证服务器...
2017-11-08 04:51:32 2017-11-08 04:51:32 网线没有连接上，请检查网卡连接
2017-11-08 04:51:34 寻找认证服务器...
2017-11-08 04:51:35 客户端提示： 网卡连接正常，连接速度:1000.0 Mbps
2017-11-08 04:51:35 寻找认证服务器...
2017-11-08 04:51:35 连接认证服务器...
2017-11-08 04:51:35 客户端提示： 服务列表完成更新
2017-11-08 04:51:35 正在进行认证...
2017-11-08 04:51:39 寻找认证服务器...
2017-11-08 04:51:39 连接认证服务器...
2017-11-08 04:51:39 正在进行认证...
2017-11-08 04:51:39 认证成功
2017-11-08 04:51:39 管理中心提示： 
您当前使用的服务为校外;
您的剩余国际下行流量为5 GB 975 MB 975.2 KB ;
2017-11-08 16:25:20 退出客户端成功
2017-11-08 16:28:58 认证方式  有线认证
2017-11-08 16:28:58 认证网卡  eth0
2017-11-08 16:28:58 用户名  201704704084
2017-11-08 16:28:58 服务  校内
2017-11-08 16:28:58 寻找认证服务器...
2017-11-08 16:28:59 2017-11-08 16:28:59 网线没有连接上，请检查网卡连接
2017-11-08 16:29:01 寻找认证服务器...
2017-11-08 16:29:02 客户端提示： 网卡连接正常，连接速度:1000.0 Mbps
2017-11-08 16:29:02 寻找认证服务器...
2017-11-08 16:29:02 连接认证服务器...
2017-11-08 16:29:02 正在进行认证...
2017-11-08 16:29:05 寻找认证服务器...
2017-11-08 16:29:05 连接认证服务器...
2017-11-08 16:29:05 正在进行认证...
2017-11-08 16:29:05 认证成功
2017-11-08 16:29:33 退出客户端成功
2017-11-08 16:30:57 认证方式  有线认证
2017-11-08 16:30:57 认证网卡  eth0
2017-11-08 16:30:57 用户名  201704704084
2017-11-08 16:30:57 服务  校内
2017-11-08 16:31:48 认证方式  有线认证
2017-11-08 16:31:48 认证网卡  eth0
2017-11-08 16:31:48 用户名  201704704084
2017-11-08 16:31:48 服务  2
2017-11-08 16:31:49 寻找认证服务器...
2017-11-08 16:31:49 连接认证服务器...
2017-11-08 16:31:49 正在进行认证...
2017-11-08 16:31:49 认证失败用户不允许使用本服务!
2017-11-08 16:32:06 认证方式  有线认证
2017-11-08 16:32:06 认证网卡  eth0
2017-11-08 16:32:06 用户名  201704704084
2017-11-08 16:32:06 服务  1
2017-11-08 16:32:06 寻找认证服务器...
2017-11-08 16:32:06 连接认证服务器...
2017-11-08 16:32:06 正在进行认证...
2017-11-08 16:32:06 认证失败用户不允许使用本服务!
2017-11-08 16:35:54 认证方式  有线认证
2017-11-08 16:35:54 认证网卡  eth0
2017-11-08 16:35:54 用户名  201704704084
2017-11-08 16:35:54 服务  1
2017-11-08 16:35:55 寻找认证服务器...
2017-11-08 16:35:55 连接认证服务器...
2017-11-08 16:35:55 正在进行认证...
2017-11-08 16:35:55 认证失败用户不允许使用本服务!
2017-11-08 16:36:31 认证方式  有线认证
2017-11-08 16:36:31 认证网卡  eth0
2017-11-08 16:36:31 用户名  201704704084T
2017-11-08 16:36:31 服务  1
2017-11-08 16:36:57 认证方式  有线认证
2017-11-08 16:36:57 认证网卡  eth0
2017-11-08 16:36:57 用户名  201704704084
2017-11-08 16:36:57 服务  [2]
2017-11-08 16:36:57 寻找认证服务器...
2017-11-08 16:36:57 连接认证服务器...
2017-11-08 16:36:57 正在进行认证...
2017-11-08 16:36:57 认证失败用户不允许使用本服务!
2017-11-08 16:37:51 认证方式  有线认证
2017-11-08 16:37:51 认证网卡  eth0
2017-11-08 16:37:51 用户名  201704704084
2017-11-08 16:37:51 服务  校外
2017-11-08 16:37:52 寻找认证服务器...
2017-11-08 16:37:52 连接认证服务器...
2017-11-08 16:37:52 正在进行认证...
2017-11-08 16:37:55 寻找认证服务器...
2017-11-08 16:37:55 连接认证服务器...
2017-11-08 16:37:55 正在进行认证...
2017-11-08 16:37:55 认证成功
2017-11-08 16:37:55 管理中心提示： 
您当前使用的服务为校外;
您的剩余国际下行流量为4 GB 946 MB 433.24 KB ;
2017-11-08 16:50:08 退出客户端成功
2017-11-08 16:56:06 认证方式  有线认证
2017-11-08 16:56:06 认证网卡  eth0
2017-11-08 16:56:06 用户名  0401020
2017-11-08 16:56:06 服务  校外
2017-11-08 16:56:06 寻找认证服务器...
2017-11-08 16:56:07 2017-11-08 16:56:07 网线没有连接上，请检查网卡连接
2017-11-08 16:56:09 寻找认证服务器...
2017-11-08 16:56:10 客户端提示： 网卡连接正常，连接速度:1000.0 Mbps
2017-11-08 16:56:10 寻找认证服务器...
2017-11-08 16:56:10 连接认证服务器...
2017-11-08 16:56:10 正在进行认证...
2017-11-08 16:56:15 寻找认证服务器...
2017-11-08 16:56:15 连接认证服务器...
2017-11-08 16:56:15 正在进行认证...
2017-11-08 16:56:15 认证成功
2017-11-08 16:56:15 管理中心提示： 
您当前使用的服务为校外;
您的剩余国际下行流量为5 GB 0.0 KB ;
2017-11-08 17:00:22 退出客户端成功
2017-11-08 17:04:20 认证方式  有线认证
2017-11-08 17:04:20 认证网卡  eth0
2017-11-08 17:04:20 用户名  0401020
2017-11-08 17:04:20 服务  校外
2017-11-08 17:04:20 寻找认证服务器...
2017-11-08 17:04:20 连接认证服务器...
2017-11-08 17:04:20 正在进行认证...
2017-11-08 17:04:24 寻找认证服务器...
2017-11-08 17:04:24 连接认证服务器...
2017-11-08 17:04:24 正在进行认证...
2017-11-08 17:04:24 认证成功
2017-11-08 17:04:24 管理中心提示： 
您当前使用的服务为校外;
您的剩余国际下行流量为4 GB 1019 MB 901.38 KB ;
2017-11-08 09:44:30 退出客户端成功
2017-11-08 09:44:37 认证方式  有线认证
2017-11-08 09:44:37 认证网卡  eth0
2017-11-08 09:44:37 用户名  0401020
2017-11-08 09:44:37 服务  校外
2017-11-08 09:44:38 寻找认证服务器...
2017-11-08 09:44:38 连接认证服务器...
2017-11-08 09:44:38 正在进行认证...
2017-11-08 09:44:42 寻找认证服务器...
2017-11-08 09:44:42 连接认证服务器...
2017-11-08 09:44:42 正在进行认证...
2017-11-08 09:44:42 认证成功
2017-11-08 09:44:42 管理中心提示： 
您当前使用的服务为校外;
您的剩余国际下行流量为4 GB 911 MB 241.36 KB ;
2017-11-08 09:50:44 退出客户端成功
2017-11-27 10:17:39 认证方式  有线认证
2017-11-27 10:17:39 认证网卡  eth0
2017-11-27 10:17:39 用户名  0401020
2017-11-27 10:17:39 服务  校外
2017-11-27 10:17:40 寻找认证服务器...
2017-11-27 10:17:41 2017-11-27 10:17:41 网线没有连接上，请检查网卡连接
2017-11-27 10:17:43 寻找认证服务器...
2017-11-27 10:17:44 客户端提示： 网卡连接正常，连接速度:1000.0 Mbps
2017-11-27 10:17:44 寻找认证服务器...
2017-11-27 10:17:44 连接认证服务器...
2017-11-27 10:17:44 正在进行认证...
2017-11-27 10:17:44 认证失败你使用的账号已达到同时在线用户数量上限!
2017-11-27 10:18:48 认证方式  有线认证
2017-11-27 10:18:48 认证网卡  eth0
2017-11-27 10:18:48 用户名  201704704084
2017-11-27 10:18:48 服务  校外
2017-11-27 10:18:48 寻找认证服务器...
2017-11-27 10:18:48 连接认证服务器...
2017-11-27 10:18:48 正在进行认证...
2017-11-27 10:18:48 认证失败密码不匹配,请输入正确的密码!
2017-11-27 10:19:09 认证方式  有线认证
2017-11-27 10:19:09 认证网卡  eth0
2017-11-27 10:19:09 用户名  201704704084
2017-11-27 10:19:09 服务  校外
2017-11-27 10:19:09 寻找认证服务器...
2017-11-27 10:19:09 连接认证服务器...
2017-11-27 10:19:10 正在进行认证...
2017-11-27 10:19:13 寻找认证服务器...
2017-11-27 10:19:13 连接认证服务器...
2017-11-27 10:19:13 正在进行认证...
2017-11-27 10:19:13 认证成功
2017-11-27 10:19:13 管理中心提示： 
您当前使用的服务为校外;
您的剩余国际下行流量为3 GB 31 MB 27.48 KB ;
2017-11-27 10:25:51 2017-11-27 10:25:51 网线没有连接上，请检查网卡连接
2017-11-27 10:26:19 客户端提示： 网卡连接正常，连接速度:100.0 Mbps
2017-11-27 10:26:19 寻找认证服务器...
2017-11-27 10:26:22 寻找认证服务器...
2017-11-27 10:26:25 寻找认证服务器...
2017-11-27 10:26:28 认证失败无法连接认证服务器。
2017-11-27 10:27:59 退出客户端成功
2017-12-29 10:46:00 认证方式  有线认证
2017-12-29 10:46:00 认证网卡  eth0
2017-12-29 10:46:00 用户名  201704704084
2017-12-29 10:46:00 服务  校外
2017-12-29 10:46:01 寻找认证服务器...
2017-12-29 10:46:01 连接认证服务器...
2017-12-29 10:46:01 正在进行认证...
2017-12-29 10:46:04 寻找认证服务器...
2017-12-29 10:46:04 连接认证服务器...
2017-12-29 10:46:04 正在进行认证...
2017-12-29 10:46:04 认证成功
2017-12-29 10:46:04 管理中心提示： 
您当前使用的服务为校外;
您的剩余国际下行流量为6 GB 0.0 KB ;
